[2021-08-08 23:01:52] local.ERROR: 2021-08-08 23:01:52:
```SQLSTATE[42S02]: Base table or view not found: 1146 Table 's-cart.sc_shop_language' doesn't exist (SQL: select * from `sc_shop_language` where `status` = 1)```
*File* `C:\xampp\htdocs\s-cart\vendor\laravel\framework\src\Illuminate\Database\Connection.php`, *Line:* 678, *Code:* 42S02

  
[2021-08-08 23:01:52] local.ERROR: SQLSTATE[42S02]: Base table or view not found: 1146 Table 's-cart.sc_shop_language' doesn't exist (SQL: select * from `sc_shop_language` where `status` = 1) {"exception":"[object] (Illuminate\\Database\\QueryException(code: 42S02): SQLSTATE[42S02]: Base table or view not found: 1146 Table 's-cart.sc_shop_language' doesn't exist (SQL: select * from `sc_shop_language` where `status` = 1) at C:\\xampp\\htdocs\\s-cart\\vendor\\laravel\\framework\\src\\Illuminate\\Database\\Connection.php:678)
[stacktrace]
#0 C:\\xampp\\htdocs\\s-cart\\vendor\\laravel\\framework\\src\\Illuminate\\Database\\Connection.php(638): Illuminate\\Database\\Connection->runQueryCallback('select * from `...', Array, Object(Closure))
#1 C:\\xampp\\htdocs\\s-cart\\vendor\\laravel\\framework\\src\\Illuminate\\Database\\Connection.php(346): Illuminate\\Database\\Connection->run('select * from `...', Array, Object(Closure))
#2 C:\\xampp\\htdocs\\s-cart\\vendor\\laravel\\framework\\src\\Illuminate\\Database\\Query\\Builder.php(2313): Illuminate\\Database\\Connection->select('select * from `...', Array, true)
#3 C:\\xampp\\htdocs\\s-cart\\vendor\\laravel\\framework\\src\\Illuminate\\Database\\Query\\Builder.php(2301): Illuminate\\Database\\Query\\Builder->runSelect()
#4 C:\\xampp\\htdocs\\s-cart\\vendor\\laravel\\framework\\src\\Illuminate\\Database\\Query\\Builder.php(2796): Illuminate\\Database\\Query\\Builder->Illuminate\\Database\\Query\\{closure}()
#5 C:\\xampp\\htdocs\\s-cart\\vendor\\laravel\\framework\\src\\Illuminate\\Database\\Query\\Builder.php(2302): Illuminate\\Database\\Query\\Builder->onceWithColumns(Array, Object(Closure))
#6 C:\\xampp\\htdocs\\s-cart\\vendor\\laravel\\framework\\src\\Illuminate\\Database\\Eloquent\\Builder.php(588): Illuminate\\Database\\Query\\Builder->get(Array)
#7 C:\\xampp\\htdocs\\s-cart\\vendor\\laravel\\framework\\src\\Illuminate\\Database\\Eloquent\\Builder.php(572): Illuminate\\Database\\Eloquent\\Builder->getModels(Array)
#8 C:\\xampp\\htdocs\\s-cart\\vendor\\s-cart\\core\\src\\Front\\Models\\ShopLanguage.php(31): Illuminate\\Database\\Eloquent\\Builder->get()
#9 C:\\xampp\\htdocs\\s-cart\\vendor\\s-cart\\core\\src\\Library\\Helpers\\language.php(9): SCart\\Core\\Front\\Models\\ShopLanguage::getListActive()
#10 C:\\xampp\\htdocs\\s-cart\\vendor\\s-cart\\core\\src\\ScartServiceProvider.php(165): sc_language_all()
#11 C:\\xampp\\htdocs\\s-cart\\vendor\\s-cart\\core\\src\\ScartServiceProvider.php(57): SCart\\Core\\ScartServiceProvider->bootScart()
#12 C:\\xampp\\htdocs\\s-cart\\vendor\\laravel\\framework\\src\\Illuminate\\Container\\BoundMethod.php(36): SCart\\Core\\ScartServiceProvider->boot()
#13 C:\\xampp\\htdocs\\s-cart\\vendor\\laravel\\framework\\src\\Illuminate\\Container\\Util.php(40): Illuminate\\Container\\BoundMethod::Illuminate\\Container\\{closure}()
#14 C:\\xampp\\htdocs\\s-cart\\vendor\\laravel\\framework\\src\\Illuminate\\Container\\BoundMethod.php(93): Illuminate\\Container\\Util::unwrapIfClosure(Object(Closure))
#15 C:\\xampp\\htdocs\\s-cart\\vendor\\laravel\\framework\\src\\Illuminate\\Container\\BoundMethod.php(37): Illuminate\\Container\\BoundMethod::callBoundMethod(Object(Illuminate\\Foundation\\Application), Array, Object(Closure))
#16 C:\\xampp\\htdocs\\s-cart\\vendor\\laravel\\framework\\src\\Illuminate\\Container\\Container.php(610): Illuminate\\Container\\BoundMethod::call(Object(Illuminate\\Foundation\\Application), Array, Array, NULL)
#17 C:\\xampp\\htdocs\\s-cart\\vendor\\laravel\\framework\\src\\Illuminate\\Foundation\\Application.php(914): Illuminate\\Container\\Container->call(Array)
#18 C:\\xampp\\htdocs\\s-cart\\vendor\\laravel\\framework\\src\\Illuminate\\Foundation\\Application.php(895): Illuminate\\Foundation\\Application->bootProvider(Object(SCart\\Core\\ScartServiceProvider))
#19 [internal function]: Illuminate\\Foundation\\Application->Illuminate\\Foundation\\{closure}(Object(SCart\\Core\\ScartServiceProvider), 26)
#20 C:\\xampp\\htdocs\\s-cart\\vendor\\laravel\\framework\\src\\Illuminate\\Foundation\\Application.php(896): array_walk(Array, Object(Closure))
#21 C:\\xampp\\htdocs\\s-cart\\vendor\\laravel\\framework\\src\\Illuminate\\Foundation\\Bootstrap\\BootProviders.php(17): Illuminate\\Foundation\\Application->boot()
#22 C:\\xampp\\htdocs\\s-cart\\vendor\\laravel\\framework\\src\\Illuminate\\Foundation\\Application.php(237): Illuminate\\Foundation\\Bootstrap\\BootProviders->bootstrap(Object(Illuminate\\Foundation\\Application))
#23 C:\\xampp\\htdocs\\s-cart\\vendor\\laravel\\framework\\src\\Illuminate\\Foundation\\Http\\Kernel.php(152): Illuminate\\Foundation\\Application->bootstrapWith(Array)
#24 C:\\xampp\\htdocs\\s-cart\\vendor\\laravel\\framework\\src\\Illuminate\\Foundation\\Http\\Kernel.php(136): Illuminate\\Foundation\\Http\\Kernel->bootstrap()
#25 C:\\xampp\\htdocs\\s-cart\\vendor\\laravel\\framework\\src\\Illuminate\\Foundation\\Http\\Kernel.php(110): Illuminate\\Foundation\\Http\\Kernel->sendRequestThroughRouter(Object(Illuminate\\Http\\Request))
#26 C:\\xampp\\htdocs\\s-cart\\public\\index.php(82): Illuminate\\Foundation\\Http\\Kernel->handle(Object(Illuminate\\Http\\Request))
#27 {main}

[previous exception] [object] (PDOException(code: 42S02): SQLSTATE[42S02]: Base table or view not found: 1146 Table 's-cart.sc_shop_language' doesn't exist at C:\\xampp\\htdocs\\s-cart\\vendor\\laravel\\framework\\src\\Illuminate\\Database\\Connection.php:338)
[stacktrace]
#0 C:\\xampp\\htdocs\\s-cart\\vendor\\laravel\\framework\\src\\Illuminate\\Database\\Connection.php(338): PDO->prepare('select * from `...')
#1 C:\\xampp\\htdocs\\s-cart\\vendor\\laravel\\framework\\src\\Illuminate\\Database\\Connection.php(671): Illuminate\\Database\\Connection->Illuminate\\Database\\{closure}('select * from `...', Array)
#2 C:\\xampp\\htdocs\\s-cart\\vendor\\laravel\\framework\\src\\Illuminate\\Database\\Connection.php(638): Illuminate\\Database\\Connection->runQueryCallback('select * from `...', Array, Object(Closure))
#3 C:\\xampp\\htdocs\\s-cart\\vendor\\laravel\\framework\\src\\Illuminate\\Database\\Connection.php(346): Illuminate\\Database\\Connection->run('select * from `...', Array, Object(Closure))
#4 C:\\xampp\\htdocs\\s-cart\\vendor\\laravel\\framework\\src\\Illuminate\\Database\\Query\\Builder.php(2313): Illuminate\\Database\\Connection->select('select * from `...', Array, true)
#5 C:\\xampp\\htdocs\\s-cart\\vendor\\laravel\\framework\\src\\Illuminate\\Database\\Query\\Builder.php(2301): Illuminate\\Database\\Query\\Builder->runSelect()
#6 C:\\xampp\\htdocs\\s-cart\\vendor\\laravel\\framework\\src\\Illuminate\\Database\\Query\\Builder.php(2796): Illuminate\\Database\\Query\\Builder->Illuminate\\Database\\Query\\{closure}()
#7 C:\\xampp\\htdocs\\s-cart\\vendor\\laravel\\framework\\src\\Illuminate\\Database\\Query\\Builder.php(2302): Illuminate\\Database\\Query\\Builder->onceWithColumns(Array, Object(Closure))
#8 C:\\xampp\\htdocs\\s-cart\\vendor\\laravel\\framework\\src\\Illuminate\\Database\\Eloquent\\Builder.php(588): Illuminate\\Database\\Query\\Builder->get(Array)
#9 C:\\xampp\\htdocs\\s-cart\\vendor\\laravel\\framework\\src\\Illuminate\\Database\\Eloquent\\Builder.php(572): Illuminate\\Database\\Eloquent\\Builder->getModels(Array)
#10 C:\\xampp\\htdocs\\s-cart\\vendor\\s-cart\\core\\src\\Front\\Models\\ShopLanguage.php(31): Illuminate\\Database\\Eloquent\\Builder->get()
#11 C:\\xampp\\htdocs\\s-cart\\vendor\\s-cart\\core\\src\\Library\\Helpers\\language.php(9): SCart\\Core\\Front\\Models\\ShopLanguage::getListActive()
#12 C:\\xampp\\htdocs\\s-cart\\vendor\\s-cart\\core\\src\\ScartServiceProvider.php(165): sc_language_all()
#13 C:\\xampp\\htdocs\\s-cart\\vendor\\s-cart\\core\\src\\ScartServiceProvider.php(57): SCart\\Core\\ScartServiceProvider->bootScart()
#14 C:\\xampp\\htdocs\\s-cart\\vendor\\laravel\\framework\\src\\Illuminate\\Container\\BoundMethod.php(36): SCart\\Core\\ScartServiceProvider->boot()
#15 C:\\xampp\\htdocs\\s-cart\\vendor\\laravel\\framework\\src\\Illuminate\\Container\\Util.php(40): Illuminate\\Container\\BoundMethod::Illuminate\\Container\\{closure}()
#16 C:\\xampp\\htdocs\\s-cart\\vendor\\laravel\\framework\\src\\Illuminate\\Container\\BoundMethod.php(93): Illuminate\\Container\\Util::unwrapIfClosure(Object(Closure))
#17 C:\\xampp\\htdocs\\s-cart\\vendor\\laravel\\framework\\src\\Illuminate\\Container\\BoundMethod.php(37): Illuminate\\Container\\BoundMethod::callBoundMethod(Object(Illuminate\\Foundation\\Application), Array, Object(Closure))
#18 C:\\xampp\\htdocs\\s-cart\\vendor\\laravel\\framework\\src\\Illuminate\\Container\\Container.php(610): Illuminate\\Container\\BoundMethod::call(Object(Illuminate\\Foundation\\Application), Array, Array, NULL)
#19 C:\\xampp\\htdocs\\s-cart\\vendor\\laravel\\framework\\src\\Illuminate\\Foundation\\Application.php(914): Illuminate\\Container\\Container->call(Array)
#20 C:\\xampp\\htdocs\\s-cart\\vendor\\laravel\\framework\\src\\Illuminate\\Foundation\\Application.php(895): Illuminate\\Foundation\\Application->bootProvider(Object(SCart\\Core\\ScartServiceProvider))
#21 [internal function]: Illuminate\\Foundation\\Application->Illuminate\\Foundation\\{closure}(Object(SCart\\Core\\ScartServiceProvider), 26)
#22 C:\\xampp\\htdocs\\s-cart\\vendor\\laravel\\framework\\src\\Illuminate\\Foundation\\Application.php(896): array_walk(Array, Object(Closure))
#23 C:\\xampp\\htdocs\\s-cart\\vendor\\laravel\\framework\\src\\Illuminate\\Foundation\\Bootstrap\\BootProviders.php(17): Illuminate\\Foundation\\Application->boot()
#24 C:\\xampp\\htdocs\\s-cart\\vendor\\laravel\\framework\\src\\Illuminate\\Foundation\\Application.php(237): Illuminate\\Foundation\\Bootstrap\\BootProviders->bootstrap(Object(Illuminate\\Foundation\\Application))
#25 C:\\xampp\\htdocs\\s-cart\\vendor\\laravel\\framework\\src\\Illuminate\\Foundation\\Http\\Kernel.php(152): Illuminate\\Foundation\\Application->bootstrapWith(Array)
#26 C:\\xampp\\htdocs\\s-cart\\vendor\\laravel\\framework\\src\\Illuminate\\Foundation\\Http\\Kernel.php(136): Illuminate\\Foundation\\Http\\Kernel->bootstrap()
#27 C:\\xampp\\htdocs\\s-cart\\vendor\\laravel\\framework\\src\\Illuminate\\Foundation\\Http\\Kernel.php(110): Illuminate\\Foundation\\Http\\Kernel->sendRequestThroughRouter(Object(Illuminate\\Http\\Request))
#28 C:\\xampp\\htdocs\\s-cart\\public\\index.php(82): Illuminate\\Foundation\\Http\\Kernel->handle(Object(Illuminate\\Http\\Request))
#29 {main}
"} 
[2021-08-08 23:03:16] local.ERROR: 2021-08-08 23:03:16:
```SQLSTATE[42S02]: Base table or view not found: 1146 Table 's-cart.sc_shop_language' doesn't exist (SQL: select * from `sc_shop_language` where `status` = 1)```
*File* `C:\xampp\htdocs\s-cart\vendor\laravel\framework\src\Illuminate\Database\Connection.php`, *Line:* 678, *Code:* 42S02

  
[2021-08-08 23:03:16] local.ERROR: SQLSTATE[42S02]: Base table or view not found: 1146 Table 's-cart.sc_shop_language' doesn't exist (SQL: select * from `sc_shop_language` where `status` = 1) {"exception":"[object] (Illuminate\\Database\\QueryException(code: 42S02): SQLSTATE[42S02]: Base table or view not found: 1146 Table 's-cart.sc_shop_language' doesn't exist (SQL: select * from `sc_shop_language` where `status` = 1) at C:\\xampp\\htdocs\\s-cart\\vendor\\laravel\\framework\\src\\Illuminate\\Database\\Connection.php:678)
[stacktrace]
#0 C:\\xampp\\htdocs\\s-cart\\vendor\\laravel\\framework\\src\\Illuminate\\Database\\Connection.php(638): Illuminate\\Database\\Connection->runQueryCallback('select * from `...', Array, Object(Closure))
#1 C:\\xampp\\htdocs\\s-cart\\vendor\\laravel\\framework\\src\\Illuminate\\Database\\Connection.php(346): Illuminate\\Database\\Connection->run('select * from `...', Array, Object(Closure))
#2 C:\\xampp\\htdocs\\s-cart\\vendor\\laravel\\framework\\src\\Illuminate\\Database\\Query\\Builder.php(2313): Illuminate\\Database\\Connection->select('select * from `...', Array, true)
#3 C:\\xampp\\htdocs\\s-cart\\vendor\\laravel\\framework\\src\\Illuminate\\Database\\Query\\Builder.php(2301): Illuminate\\Database\\Query\\Builder->runSelect()
#4 C:\\xampp\\htdocs\\s-cart\\vendor\\laravel\\framework\\src\\Illuminate\\Database\\Query\\Builder.php(2796): Illuminate\\Database\\Query\\Builder->Illuminate\\Database\\Query\\{closure}()
#5 C:\\xampp\\htdocs\\s-cart\\vendor\\laravel\\framework\\src\\Illuminate\\Database\\Query\\Builder.php(2302): Illuminate\\Database\\Query\\Builder->onceWithColumns(Array, Object(Closure))
#6 C:\\xampp\\htdocs\\s-cart\\vendor\\laravel\\framework\\src\\Illuminate\\Database\\Eloquent\\Builder.php(588): Illuminate\\Database\\Query\\Builder->get(Array)
#7 C:\\xampp\\htdocs\\s-cart\\vendor\\laravel\\framework\\src\\Illuminate\\Database\\Eloquent\\Builder.php(572): Illuminate\\Database\\Eloquent\\Builder->getModels(Array)
#8 C:\\xampp\\htdocs\\s-cart\\vendor\\s-cart\\core\\src\\Front\\Models\\ShopLanguage.php(31): Illuminate\\Database\\Eloquent\\Builder->get()
#9 C:\\xampp\\htdocs\\s-cart\\vendor\\s-cart\\core\\src\\Library\\Helpers\\language.php(9): SCart\\Core\\Front\\Models\\ShopLanguage::getListActive()
#10 C:\\xampp\\htdocs\\s-cart\\vendor\\s-cart\\core\\src\\ScartServiceProvider.php(165): sc_language_all()
#11 C:\\xampp\\htdocs\\s-cart\\vendor\\s-cart\\core\\src\\ScartServiceProvider.php(57): SCart\\Core\\ScartServiceProvider->bootScart()
#12 C:\\xampp\\htdocs\\s-cart\\vendor\\laravel\\framework\\src\\Illuminate\\Container\\BoundMethod.php(36): SCart\\Core\\ScartServiceProvider->boot()
#13 C:\\xampp\\htdocs\\s-cart\\vendor\\laravel\\framework\\src\\Illuminate\\Container\\Util.php(40): Illuminate\\Container\\BoundMethod::Illuminate\\Container\\{closure}()
#14 C:\\xampp\\htdocs\\s-cart\\vendor\\laravel\\framework\\src\\Illuminate\\Container\\BoundMethod.php(93): Illuminate\\Container\\Util::unwrapIfClosure(Object(Closure))
#15 C:\\xampp\\htdocs\\s-cart\\vendor\\laravel\\framework\\src\\Illuminate\\Container\\BoundMethod.php(37): Illuminate\\Container\\BoundMethod::callBoundMethod(Object(Illuminate\\Foundation\\Application), Array, Object(Closure))
#16 C:\\xampp\\htdocs\\s-cart\\vendor\\laravel\\framework\\src\\Illuminate\\Container\\Container.php(610): Illuminate\\Container\\BoundMethod::call(Object(Illuminate\\Foundation\\Application), Array, Array, NULL)
#17 C:\\xampp\\htdocs\\s-cart\\vendor\\laravel\\framework\\src\\Illuminate\\Foundation\\Application.php(914): Illuminate\\Container\\Container->call(Array)
#18 C:\\xampp\\htdocs\\s-cart\\vendor\\laravel\\framework\\src\\Illuminate\\Foundation\\Application.php(895): Illuminate\\Foundation\\Application->bootProvider(Object(SCart\\Core\\ScartServiceProvider))
#19 [internal function]: Illuminate\\Foundation\\Application->Illuminate\\Foundation\\{closure}(Object(SCart\\Core\\ScartServiceProvider), 26)
#20 C:\\xampp\\htdocs\\s-cart\\vendor\\laravel\\framework\\src\\Illuminate\\Foundation\\Application.php(896): array_walk(Array, Object(Closure))
#21 C:\\xampp\\htdocs\\s-cart\\vendor\\laravel\\framework\\src\\Illuminate\\Foundation\\Bootstrap\\BootProviders.php(17): Illuminate\\Foundation\\Application->boot()
#22 C:\\xampp\\htdocs\\s-cart\\vendor\\laravel\\framework\\src\\Illuminate\\Foundation\\Application.php(237): Illuminate\\Foundation\\Bootstrap\\BootProviders->bootstrap(Object(Illuminate\\Foundation\\Application))
#23 C:\\xampp\\htdocs\\s-cart\\vendor\\laravel\\framework\\src\\Illuminate\\Foundation\\Http\\Kernel.php(152): Illuminate\\Foundation\\Application->bootstrapWith(Array)
#24 C:\\xampp\\htdocs\\s-cart\\vendor\\laravel\\framework\\src\\Illuminate\\Foundation\\Http\\Kernel.php(136): Illuminate\\Foundation\\Http\\Kernel->bootstrap()
#25 C:\\xampp\\htdocs\\s-cart\\vendor\\laravel\\framework\\src\\Illuminate\\Foundation\\Http\\Kernel.php(110): Illuminate\\Foundation\\Http\\Kernel->sendRequestThroughRouter(Object(Illuminate\\Http\\Request))
#26 C:\\xampp\\htdocs\\s-cart\\public\\index.php(82): Illuminate\\Foundation\\Http\\Kernel->handle(Object(Illuminate\\Http\\Request))
#27 {main}

[previous exception] [object] (PDOException(code: 42S02): SQLSTATE[42S02]: Base table or view not found: 1146 Table 's-cart.sc_shop_language' doesn't exist at C:\\xampp\\htdocs\\s-cart\\vendor\\laravel\\framework\\src\\Illuminate\\Database\\Connection.php:338)
[stacktrace]
#0 C:\\xampp\\htdocs\\s-cart\\vendor\\laravel\\framework\\src\\Illuminate\\Database\\Connection.php(338): PDO->prepare('select * from `...')
#1 C:\\xampp\\htdocs\\s-cart\\vendor\\laravel\\framework\\src\\Illuminate\\Database\\Connection.php(671): Illuminate\\Database\\Connection->Illuminate\\Database\\{closure}('select * from `...', Array)
#2 C:\\xampp\\htdocs\\s-cart\\vendor\\laravel\\framework\\src\\Illuminate\\Database\\Connection.php(638): Illuminate\\Database\\Connection->runQueryCallback('select * from `...', Array, Object(Closure))
#3 C:\\xampp\\htdocs\\s-cart\\vendor\\laravel\\framework\\src\\Illuminate\\Database\\Connection.php(346): Illuminate\\Database\\Connection->run('select * from `...', Array, Object(Closure))
#4 C:\\xampp\\htdocs\\s-cart\\vendor\\laravel\\framework\\src\\Illuminate\\Database\\Query\\Builder.php(2313): Illuminate\\Database\\Connection->select('select * from `...', Array, true)
#5 C:\\xampp\\htdocs\\s-cart\\vendor\\laravel\\framework\\src\\Illuminate\\Database\\Query\\Builder.php(2301): Illuminate\\Database\\Query\\Builder->runSelect()
#6 C:\\xampp\\htdocs\\s-cart\\vendor\\laravel\\framework\\src\\Illuminate\\Database\\Query\\Builder.php(2796): Illuminate\\Database\\Query\\Builder->Illuminate\\Database\\Query\\{closure}()
#7 C:\\xampp\\htdocs\\s-cart\\vendor\\laravel\\framework\\src\\Illuminate\\Database\\Query\\Builder.php(2302): Illuminate\\Database\\Query\\Builder->onceWithColumns(Array, Object(Closure))
#8 C:\\xampp\\htdocs\\s-cart\\vendor\\laravel\\framework\\src\\Illuminate\\Database\\Eloquent\\Builder.php(588): Illuminate\\Database\\Query\\Builder->get(Array)
#9 C:\\xampp\\htdocs\\s-cart\\vendor\\laravel\\framework\\src\\Illuminate\\Database\\Eloquent\\Builder.php(572): Illuminate\\Database\\Eloquent\\Builder->getModels(Array)
#10 C:\\xampp\\htdocs\\s-cart\\vendor\\s-cart\\core\\src\\Front\\Models\\ShopLanguage.php(31): Illuminate\\Database\\Eloquent\\Builder->get()
#11 C:\\xampp\\htdocs\\s-cart\\vendor\\s-cart\\core\\src\\Library\\Helpers\\language.php(9): SCart\\Core\\Front\\Models\\ShopLanguage::getListActive()
#12 C:\\xampp\\htdocs\\s-cart\\vendor\\s-cart\\core\\src\\ScartServiceProvider.php(165): sc_language_all()
#13 C:\\xampp\\htdocs\\s-cart\\vendor\\s-cart\\core\\src\\ScartServiceProvider.php(57): SCart\\Core\\ScartServiceProvider->bootScart()
#14 C:\\xampp\\htdocs\\s-cart\\vendor\\laravel\\framework\\src\\Illuminate\\Container\\BoundMethod.php(36): SCart\\Core\\ScartServiceProvider->boot()
#15 C:\\xampp\\htdocs\\s-cart\\vendor\\laravel\\framework\\src\\Illuminate\\Container\\Util.php(40): Illuminate\\Container\\BoundMethod::Illuminate\\Container\\{closure}()
#16 C:\\xampp\\htdocs\\s-cart\\vendor\\laravel\\framework\\src\\Illuminate\\Container\\BoundMethod.php(93): Illuminate\\Container\\Util::unwrapIfClosure(Object(Closure))
#17 C:\\xampp\\htdocs\\s-cart\\vendor\\laravel\\framework\\src\\Illuminate\\Container\\BoundMethod.php(37): Illuminate\\Container\\BoundMethod::callBoundMethod(Object(Illuminate\\Foundation\\Application), Array, Object(Closure))
#18 C:\\xampp\\htdocs\\s-cart\\vendor\\laravel\\framework\\src\\Illuminate\\Container\\Container.php(610): Illuminate\\Container\\BoundMethod::call(Object(Illuminate\\Foundation\\Application), Array, Array, NULL)
#19 C:\\xampp\\htdocs\\s-cart\\vendor\\laravel\\framework\\src\\Illuminate\\Foundation\\Application.php(914): Illuminate\\Container\\Container->call(Array)
#20 C:\\xampp\\htdocs\\s-cart\\vendor\\laravel\\framework\\src\\Illuminate\\Foundation\\Application.php(895): Illuminate\\Foundation\\Application->bootProvider(Object(SCart\\Core\\ScartServiceProvider))
#21 [internal function]: Illuminate\\Foundation\\Application->Illuminate\\Foundation\\{closure}(Object(SCart\\Core\\ScartServiceProvider), 26)
#22 C:\\xampp\\htdocs\\s-cart\\vendor\\laravel\\framework\\src\\Illuminate\\Foundation\\Application.php(896): array_walk(Array, Object(Closure))
#23 C:\\xampp\\htdocs\\s-cart\\vendor\\laravel\\framework\\src\\Illuminate\\Foundation\\Bootstrap\\BootProviders.php(17): Illuminate\\Foundation\\Application->boot()
#24 C:\\xampp\\htdocs\\s-cart\\vendor\\laravel\\framework\\src\\Illuminate\\Foundation\\Application.php(237): Illuminate\\Foundation\\Bootstrap\\BootProviders->bootstrap(Object(Illuminate\\Foundation\\Application))
#25 C:\\xampp\\htdocs\\s-cart\\vendor\\laravel\\framework\\src\\Illuminate\\Foundation\\Http\\Kernel.php(152): Illuminate\\Foundation\\Application->bootstrapWith(Array)
#26 C:\\xampp\\htdocs\\s-cart\\vendor\\laravel\\framework\\src\\Illuminate\\Foundation\\Http\\Kernel.php(136): Illuminate\\Foundation\\Http\\Kernel->bootstrap()
#27 C:\\xampp\\htdocs\\s-cart\\vendor\\laravel\\framework\\src\\Illuminate\\Foundation\\Http\\Kernel.php(110): Illuminate\\Foundation\\Http\\Kernel->sendRequestThroughRouter(Object(Illuminate\\Http\\Request))
#28 C:\\xampp\\htdocs\\s-cart\\public\\index.php(82): Illuminate\\Foundation\\Http\\Kernel->handle(Object(Illuminate\\Http\\Request))
#29 {main}
"} 
[2021-08-08 23:03:18] local.ERROR: 2021-08-08 23:03:18:
```SQLSTATE[42S02]: Base table or view not found: 1146 Table 's-cart.sc_shop_language' doesn't exist (SQL: select * from `sc_shop_language` where `status` = 1)```
*File* `C:\xampp\htdocs\s-cart\vendor\laravel\framework\src\Illuminate\Database\Connection.php`, *Line:* 678, *Code:* 42S02

  
[2021-08-08 23:03:18] local.ERROR: SQLSTATE[42S02]: Base table or view not found: 1146 Table 's-cart.sc_shop_language' doesn't exist (SQL: select * from `sc_shop_language` where `status` = 1) {"exception":"[object] (Illuminate\\Database\\QueryException(code: 42S02): SQLSTATE[42S02]: Base table or view not found: 1146 Table 's-cart.sc_shop_language' doesn't exist (SQL: select * from `sc_shop_language` where `status` = 1) at C:\\xampp\\htdocs\\s-cart\\vendor\\laravel\\framework\\src\\Illuminate\\Database\\Connection.php:678)
[stacktrace]
#0 C:\\xampp\\htdocs\\s-cart\\vendor\\laravel\\framework\\src\\Illuminate\\Database\\Connection.php(638): Illuminate\\Database\\Connection->runQueryCallback('select * from `...', Array, Object(Closure))
#1 C:\\xampp\\htdocs\\s-cart\\vendor\\laravel\\framework\\src\\Illuminate\\Database\\Connection.php(346): Illuminate\\Database\\Connection->run('select * from `...', Array, Object(Closure))
#2 C:\\xampp\\htdocs\\s-cart\\vendor\\laravel\\framework\\src\\Illuminate\\Database\\Query\\Builder.php(2313): Illuminate\\Database\\Connection->select('select * from `...', Array, true)
#3 C:\\xampp\\htdocs\\s-cart\\vendor\\laravel\\framework\\src\\Illuminate\\Database\\Query\\Builder.php(2301): Illuminate\\Database\\Query\\Builder->runSelect()
#4 C:\\xampp\\htdocs\\s-cart\\vendor\\laravel\\framework\\src\\Illuminate\\Database\\Query\\Builder.php(2796): Illuminate\\Database\\Query\\Builder->Illuminate\\Database\\Query\\{closure}()
#5 C:\\xampp\\htdocs\\s-cart\\vendor\\laravel\\framework\\src\\Illuminate\\Database\\Query\\Builder.php(2302): Illuminate\\Database\\Query\\Builder->onceWithColumns(Array, Object(Closure))
#6 C:\\xampp\\htdocs\\s-cart\\vendor\\laravel\\framework\\src\\Illuminate\\Database\\Eloquent\\Builder.php(588): Illuminate\\Database\\Query\\Builder->get(Array)
#7 C:\\xampp\\htdocs\\s-cart\\vendor\\laravel\\framework\\src\\Illuminate\\Database\\Eloquent\\Builder.php(572): Illuminate\\Database\\Eloquent\\Builder->getModels(Array)
#8 C:\\xampp\\htdocs\\s-cart\\vendor\\s-cart\\core\\src\\Front\\Models\\ShopLanguage.php(31): Illuminate\\Database\\Eloquent\\Builder->get()
#9 C:\\xampp\\htdocs\\s-cart\\vendor\\s-cart\\core\\src\\Library\\Helpers\\language.php(9): SCart\\Core\\Front\\Models\\ShopLanguage::getListActive()
#10 C:\\xampp\\htdocs\\s-cart\\vendor\\s-cart\\core\\src\\ScartServiceProvider.php(165): sc_language_all()
#11 C:\\xampp\\htdocs\\s-cart\\vendor\\s-cart\\core\\src\\ScartServiceProvider.php(57): SCart\\Core\\ScartServiceProvider->bootScart()
#12 C:\\xampp\\htdocs\\s-cart\\vendor\\laravel\\framework\\src\\Illuminate\\Container\\BoundMethod.php(36): SCart\\Core\\ScartServiceProvider->boot()
#13 C:\\xampp\\htdocs\\s-cart\\vendor\\laravel\\framework\\src\\Illuminate\\Container\\Util.php(40): Illuminate\\Container\\BoundMethod::Illuminate\\Container\\{closure}()
#14 C:\\xampp\\htdocs\\s-cart\\vendor\\laravel\\framework\\src\\Illuminate\\Container\\BoundMethod.php(93): Illuminate\\Container\\Util::unwrapIfClosure(Object(Closure))
#15 C:\\xampp\\htdocs\\s-cart\\vendor\\laravel\\framework\\src\\Illuminate\\Container\\BoundMethod.php(37): Illuminate\\Container\\BoundMethod::callBoundMethod(Object(Illuminate\\Foundation\\Application), Array, Object(Closure))
#16 C:\\xampp\\htdocs\\s-cart\\vendor\\laravel\\framework\\src\\Illuminate\\Container\\Container.php(610): Illuminate\\Container\\BoundMethod::call(Object(Illuminate\\Foundation\\Application), Array, Array, NULL)
#17 C:\\xampp\\htdocs\\s-cart\\vendor\\laravel\\framework\\src\\Illuminate\\Foundation\\Application.php(914): Illuminate\\Container\\Container->call(Array)
#18 C:\\xampp\\htdocs\\s-cart\\vendor\\laravel\\framework\\src\\Illuminate\\Foundation\\Application.php(895): Illuminate\\Foundation\\Application->bootProvider(Object(SCart\\Core\\ScartServiceProvider))
#19 [internal function]: Illuminate\\Foundation\\Application->Illuminate\\Foundation\\{closure}(Object(SCart\\Core\\ScartServiceProvider), 26)
#20 C:\\xampp\\htdocs\\s-cart\\vendor\\laravel\\framework\\src\\Illuminate\\Foundation\\Application.php(896): array_walk(Array, Object(Closure))
#21 C:\\xampp\\htdocs\\s-cart\\vendor\\laravel\\framework\\src\\Illuminate\\Foundation\\Bootstrap\\BootProviders.php(17): Illuminate\\Foundation\\Application->boot()
#22 C:\\xampp\\htdocs\\s-cart\\vendor\\laravel\\framework\\src\\Illuminate\\Foundation\\Application.php(237): Illuminate\\Foundation\\Bootstrap\\BootProviders->bootstrap(Object(Illuminate\\Foundation\\Application))
#23 C:\\xampp\\htdocs\\s-cart\\vendor\\laravel\\framework\\src\\Illuminate\\Foundation\\Http\\Kernel.php(152): Illuminate\\Foundation\\Application->bootstrapWith(Array)
#24 C:\\xampp\\htdocs\\s-cart\\vendor\\laravel\\framework\\src\\Illuminate\\Foundation\\Http\\Kernel.php(136): Illuminate\\Foundation\\Http\\Kernel->bootstrap()
#25 C:\\xampp\\htdocs\\s-cart\\vendor\\laravel\\framework\\src\\Illuminate\\Foundation\\Http\\Kernel.php(110): Illuminate\\Foundation\\Http\\Kernel->sendRequestThroughRouter(Object(Illuminate\\Http\\Request))
#26 C:\\xampp\\htdocs\\s-cart\\public\\index.php(82): Illuminate\\Foundation\\Http\\Kernel->handle(Object(Illuminate\\Http\\Request))
#27 {main}

[previous exception] [object] (PDOException(code: 42S02): SQLSTATE[42S02]: Base table or view not found: 1146 Table 's-cart.sc_shop_language' doesn't exist at C:\\xampp\\htdocs\\s-cart\\vendor\\laravel\\framework\\src\\Illuminate\\Database\\Connection.php:338)
[stacktrace]
#0 C:\\xampp\\htdocs\\s-cart\\vendor\\laravel\\framework\\src\\Illuminate\\Database\\Connection.php(338): PDO->prepare('select * from `...')
#1 C:\\xampp\\htdocs\\s-cart\\vendor\\laravel\\framework\\src\\Illuminate\\Database\\Connection.php(671): Illuminate\\Database\\Connection->Illuminate\\Database\\{closure}('select * from `...', Array)
#2 C:\\xampp\\htdocs\\s-cart\\vendor\\laravel\\framework\\src\\Illuminate\\Database\\Connection.php(638): Illuminate\\Database\\Connection->runQueryCallback('select * from `...', Array, Object(Closure))
#3 C:\\xampp\\htdocs\\s-cart\\vendor\\laravel\\framework\\src\\Illuminate\\Database\\Connection.php(346): Illuminate\\Database\\Connection->run('select * from `...', Array, Object(Closure))
#4 C:\\xampp\\htdocs\\s-cart\\vendor\\laravel\\framework\\src\\Illuminate\\Database\\Query\\Builder.php(2313): Illuminate\\Database\\Connection->select('select * from `...', Array, true)
#5 C:\\xampp\\htdocs\\s-cart\\vendor\\laravel\\framework\\src\\Illuminate\\Database\\Query\\Builder.php(2301): Illuminate\\Database\\Query\\Builder->runSelect()
#6 C:\\xampp\\htdocs\\s-cart\\vendor\\laravel\\framework\\src\\Illuminate\\Database\\Query\\Builder.php(2796): Illuminate\\Database\\Query\\Builder->Illuminate\\Database\\Query\\{closure}()
#7 C:\\xampp\\htdocs\\s-cart\\vendor\\laravel\\framework\\src\\Illuminate\\Database\\Query\\Builder.php(2302): Illuminate\\Database\\Query\\Builder->onceWithColumns(Array, Object(Closure))
#8 C:\\xampp\\htdocs\\s-cart\\vendor\\laravel\\framework\\src\\Illuminate\\Database\\Eloquent\\Builder.php(588): Illuminate\\Database\\Query\\Builder->get(Array)
#9 C:\\xampp\\htdocs\\s-cart\\vendor\\laravel\\framework\\src\\Illuminate\\Database\\Eloquent\\Builder.php(572): Illuminate\\Database\\Eloquent\\Builder->getModels(Array)
#10 C:\\xampp\\htdocs\\s-cart\\vendor\\s-cart\\core\\src\\Front\\Models\\ShopLanguage.php(31): Illuminate\\Database\\Eloquent\\Builder->get()
#11 C:\\xampp\\htdocs\\s-cart\\vendor\\s-cart\\core\\src\\Library\\Helpers\\language.php(9): SCart\\Core\\Front\\Models\\ShopLanguage::getListActive()
#12 C:\\xampp\\htdocs\\s-cart\\vendor\\s-cart\\core\\src\\ScartServiceProvider.php(165): sc_language_all()
#13 C:\\xampp\\htdocs\\s-cart\\vendor\\s-cart\\core\\src\\ScartServiceProvider.php(57): SCart\\Core\\ScartServiceProvider->bootScart()
#14 C:\\xampp\\htdocs\\s-cart\\vendor\\laravel\\framework\\src\\Illuminate\\Container\\BoundMethod.php(36): SCart\\Core\\ScartServiceProvider->boot()
#15 C:\\xampp\\htdocs\\s-cart\\vendor\\laravel\\framework\\src\\Illuminate\\Container\\Util.php(40): Illuminate\\Container\\BoundMethod::Illuminate\\Container\\{closure}()
#16 C:\\xampp\\htdocs\\s-cart\\vendor\\laravel\\framework\\src\\Illuminate\\Container\\BoundMethod.php(93): Illuminate\\Container\\Util::unwrapIfClosure(Object(Closure))
#17 C:\\xampp\\htdocs\\s-cart\\vendor\\laravel\\framework\\src\\Illuminate\\Container\\BoundMethod.php(37): Illuminate\\Container\\BoundMethod::callBoundMethod(Object(Illuminate\\Foundation\\Application), Array, Object(Closure))
#18 C:\\xampp\\htdocs\\s-cart\\vendor\\laravel\\framework\\src\\Illuminate\\Container\\Container.php(610): Illuminate\\Container\\BoundMethod::call(Object(Illuminate\\Foundation\\Application), Array, Array, NULL)
#19 C:\\xampp\\htdocs\\s-cart\\vendor\\laravel\\framework\\src\\Illuminate\\Foundation\\Application.php(914): Illuminate\\Container\\Container->call(Array)
#20 C:\\xampp\\htdocs\\s-cart\\vendor\\laravel\\framework\\src\\Illuminate\\Foundation\\Application.php(895): Illuminate\\Foundation\\Application->bootProvider(Object(SCart\\Core\\ScartServiceProvider))
#21 [internal function]: Illuminate\\Foundation\\Application->Illuminate\\Foundation\\{closure}(Object(SCart\\Core\\ScartServiceProvider), 26)
#22 C:\\xampp\\htdocs\\s-cart\\vendor\\laravel\\framework\\src\\Illuminate\\Foundation\\Application.php(896): array_walk(Array, Object(Closure))
#23 C:\\xampp\\htdocs\\s-cart\\vendor\\laravel\\framework\\src\\Illuminate\\Foundation\\Bootstrap\\BootProviders.php(17): Illuminate\\Foundation\\Application->boot()
#24 C:\\xampp\\htdocs\\s-cart\\vendor\\laravel\\framework\\src\\Illuminate\\Foundation\\Application.php(237): Illuminate\\Foundation\\Bootstrap\\BootProviders->bootstrap(Object(Illuminate\\Foundation\\Application))
#25 C:\\xampp\\htdocs\\s-cart\\vendor\\laravel\\framework\\src\\Illuminate\\Foundation\\Http\\Kernel.php(152): Illuminate\\Foundation\\Application->bootstrapWith(Array)
#26 C:\\xampp\\htdocs\\s-cart\\vendor\\laravel\\framework\\src\\Illuminate\\Foundation\\Http\\Kernel.php(136): Illuminate\\Foundation\\Http\\Kernel->bootstrap()
#27 C:\\xampp\\htdocs\\s-cart\\vendor\\laravel\\framework\\src\\Illuminate\\Foundation\\Http\\Kernel.php(110): Illuminate\\Foundation\\Http\\Kernel->sendRequestThroughRouter(Object(Illuminate\\Http\\Request))
#28 C:\\xampp\\htdocs\\s-cart\\public\\index.php(82): Illuminate\\Foundation\\Http\\Kernel->handle(Object(Illuminate\\Http\\Request))
#29 {main}
"} 
